<?xml version="1.0" encoding="UTF-8"?>
<!-- Generated by org.testng.reporters.JUnitReportReporter -->
<testsuite hostname="Sanju" failures="0" tests="1" name="TestNG.example2_TestNgClass" time="10.338" errors="0" timestamp="2023-08-22T09:09:25 IST" skipped="0">
  <testcase classname="TestNG.example2_TestNgClass" name="name" time="10.338"/>
  <system-out/>
</testsuite> <!-- TestNG.example2_TestNgClass -->
