<?xml version="1.0" encoding="UTF-8"?>
<!-- Generated by org.testng.reporters.JUnitReportReporter -->
<testsuite hostname="Sanju" failures="0" tests="3" name="TestNG.example5_Keyword3_Priority2" time="0.010" errors="0" timestamp="2023-08-23T08:44:41 IST" skipped="0">
  <testcase classname="TestNG.example5_Keyword3_Priority2" name="TC1" time="0.007"/>
  <system-out>
    <![CDATA[running TC1]]>
  </system-out>
  <testcase classname="TestNG.example5_Keyword3_Priority2" name="TC2" time="0.002"/>
  <system-out>
    <![CDATA[running TC2]]>
  </system-out>
  <testcase classname="TestNG.example5_Keyword3_Priority2" name="TC3" time="0.001"/>
  <system-out>
    <![CDATA[running TC3]]>
  </system-out>
</testsuite> <!-- TestNG.example5_Keyword3_Priority2 -->
