<?xml version="1.0" encoding="UTF-8"?>
<!-- Generated by org.testng.reporters.JUnitReportReporter -->
<testsuite hostname="Sanju" failures="0" tests="2" name="TestNG.example10_grouping1" time="0.008" errors="0" timestamp="2023-08-24T08:46:17 IST" skipped="0">
  <testcase classname="TestNG.example10_grouping1" name="TC4" time="0.001"/>
  <system-out>
    <![CDATA[running TC4]]>
  </system-out>
  <testcase classname="TestNG.example10_grouping1" name="TC3" time="0.007"/>
  <system-out>
    <![CDATA[running TC3]]>
  </system-out>
</testsuite> <!-- TestNG.example10_grouping1 -->
