<?xml version="1.0" encoding="UTF-8"?>
<!-- Generated by org.testng.reporters.JUnitReportReporter -->
<testsuite hostname="Sanju" failures="0" tests="2" name="TestNG.example8_DiableTCExecutionFromTestSuite" time="0.007" errors="0" timestamp="2023-08-24T08:32:31 IST" skipped="0">
  <testcase classname="TestNG.example8_DiableTCExecutionFromTestSuite" name="TC3" time="0.001"/>
  <system-out>
    <![CDATA[running TC3]]>
  </system-out>
  <testcase classname="TestNG.example8_DiableTCExecutionFromTestSuite" name="TC1" time="0.006"/>
  <system-out>
    <![CDATA[running TC1]]>
  </system-out>
</testsuite> <!-- TestNG.example8_DiableTCExecutionFromTestSuite -->
