<?xml version="1.0" encoding="UTF-8"?>
<!-- Generated by org.testng.reporters.JUnitReportReporter -->
<testsuite hostname="Sanju" failures="0" tests="3" name="TestNG.example8_DiableTCExecutionFromTestClass" time="0.006" errors="0" timestamp="2023-08-24T08:27:25 IST" skipped="1">
  <testcase classname="TestNG.example8_DiableTCExecutionFromTestClass" name="TC1" time="0.005"/>
  <system-out>
    <![CDATA[running TC1]]>
  </system-out>
  <testcase classname="TestNG.example8_DiableTCExecutionFromTestClass" name="TC3" time="0.001"/>
  <system-out>
    <![CDATA[running TC3]]>
  </system-out>
  <testcase classname="TestNG.example8_DiableTCExecutionFromTestClass" name="TC2">
    <skipped/>
  </testcase> <!-- TC2 -->
  <system-out/>
</testsuite> <!-- TestNG.example8_DiableTCExecutionFromTestClass -->
