<?xml version="1.0" encoding="UTF-8"?>
<!-- Generated by org.testng.reporters.JUnitReportReporter -->
<testsuite hostname="Sanju" failures="0" tests="1" name="TestNG.example5_Keyword4_Timeout" time="3.016" errors="0" timestamp="2023-08-23T08:47:17 IST" skipped="0">
  <testcase classname="TestNG.example5_Keyword4_Timeout" name="TC1" time="3.016"/>
  <system-out>
    <![CDATA[running TC1]]>
  </system-out>
</testsuite> <!-- TestNG.example5_Keyword4_Timeout -->
