<?xml version="1.0" encoding="UTF-8"?>
<!-- Generated by org.testng.reporters.JUnitReportReporter -->
<testsuite hostname="Sanju" failures="0" tests="1" name="TestNG.example11_Parallel1" time="7.041" errors="0" timestamp="2023-08-24T08:57:17 IST" skipped="0">
  <testcase classname="TestNG.example11_Parallel1" name="openFacebookApp" time="7.041"/>
  <system-out/>
</testsuite> <!-- TestNG.example11_Parallel1 -->
