<?xml version="1.0" encoding="UTF-8"?>
<!-- Generated by org.testng.reporters.JUnitReportReporter -->
<testsuite hostname="Sanju" failures="0" tests="1" name="POM_DDF_TestNG_BaseClass.PBLoginTest" time="13.689" errors="0" timestamp="2023-08-25T09:01:40 IST" skipped="0">
  <testcase classname="POM_DDF_TestNG_BaseClass.PBLoginTest" name="VerifyFullName" time="13.689"/>
  <system-out/>
</testsuite> <!-- POM_DDF_TestNG_BaseClass.PBLoginTest -->
