<?xml version="1.0" encoding="UTF-8"?>
<!-- Generated by org.testng.reporters.JUnitReportReporter -->
<testsuite hostname="Sanju" failures="0" tests="1" name="TestNG.example11_Parallel2" time="11.857" errors="0" timestamp="2023-08-24T08:57:17 IST" skipped="0">
  <testcase classname="TestNG.example11_Parallel2" name="openGoogleApp" time="11.857"/>
  <system-out/>
</testsuite> <!-- TestNG.example11_Parallel2 -->
