<?xml version="1.0" encoding="UTF-8"?>
<!-- Generated by org.testng.reporters.JUnitReportReporter -->
<testsuite hostname="Sanju" failures="0" tests="1" name="TestNG.example9_FailedXML" time="0.006" errors="0" timestamp="2023-08-24T08:38:18 IST" skipped="0">
  <testcase classname="TestNG.example9_FailedXML" name="TC3" time="0.006"/>
  <system-out>
    <![CDATA[running TC3]]>
  </system-out>
</testsuite> <!-- TestNG.example9_FailedXML -->
