<?xml version="1.0" encoding="UTF-8"?>
<!-- Generated by org.testng.reporters.JUnitReportReporter -->
<testsuite hostname="Sanju" failures="0" tests="3" name="TestNG.example6_Sample1" time="0.013" errors="0" timestamp="2023-08-23T09:02:35 IST" skipped="0">
  <testcase classname="TestNG.example6_Sample1" name="TC1" time="0.011"/>
  <system-out>
    <![CDATA[running TC1]]>
  </system-out>
  <testcase classname="TestNG.example6_Sample1" name="TC3" time="0.001"/>
  <system-out>
    <![CDATA[running TC3]]>
  </system-out>
  <testcase classname="TestNG.example6_Sample1" name="TC2" time="0.001"/>
  <system-out>
    <![CDATA[running TC2]]>
  </system-out>
</testsuite> <!-- TestNG.example6_Sample1 -->
