<?xml version="1.0" encoding="UTF-8"?>
<!-- Generated by org.testng.reporters.JUnitReportReporter -->
<testsuite hostname="Sanju" failures="0" tests="2" name="TestNG.example3_EmailableReport" time="0.010" errors="0" timestamp="2023-08-22T09:16:51 IST" skipped="0">
  <testcase classname="TestNG.example3_EmailableReport" name="TC1" time="0.008"/>
  <system-out>
    <![CDATA[--running TC1--]]>
  </system-out>
  <testcase classname="TestNG.example3_EmailableReport" name="TC2" time="0.002"/>
  <system-out>
    <![CDATA[--running TC2--]]>
  </system-out>
</testsuite> <!-- TestNG.example3_EmailableReport -->
