<?xml version="1.0" encoding="UTF-8"?>
<!-- Generated by org.testng.reporters.JUnitReportReporter -->
<testsuite hostname="Sanju" failures="0" tests="3" name="TestNG.example5_Keyword1_invocationcount" time="0.011" errors="0" timestamp="2023-08-23T08:39:06 IST" skipped="0">
  <testcase classname="TestNG.example5_Keyword1_invocationcount" name="TC1" time="0.002"/>
  <system-out>
    <![CDATA[running TC1]]>
  </system-out>
  <testcase classname="TestNG.example5_Keyword1_invocationcount" name="TC1" time="0.001"/>
  <system-out>
    <![CDATA[running TC1]]>
  </system-out>
  <testcase classname="TestNG.example5_Keyword1_invocationcount" name="TC1" time="0.008"/>
  <system-out>
    <![CDATA[running TC1]]>
  </system-out>
</testsuite> <!-- TestNG.example5_Keyword1_invocationcount -->
