<?xml version="1.0" encoding="UTF-8"?>
<!-- Generated by org.testng.reporters.JUnitReportReporter -->
<testsuite hostname="Sanju" failures="0" tests="1" name="POM_DDF_TestNG_BAseClass_UtilityClass_PropertyFile_FailedTCesSS.PBLoginTest" time="16.329" errors="0" timestamp="2023-08-28T09:01:26 IST" skipped="0">
  <testcase classname="POM_DDF_TestNG_BAseClass_UtilityClass_PropertyFile_FailedTCesSS.PBLoginTest" name="VerifyFullName" time="16.329"/>
  <system-out/>
</testsuite> <!-- POM_DDF_TestNG_BAseClass_UtilityClass_PropertyFile_FailedTCesSS.PBLoginTest -->
