<?xml version="1.0" encoding="UTF-8"?>
<!-- Generated by org.testng.reporters.JUnitReportReporter -->
<testsuite hostname="Sanju" failures="0" tests="2" name="TestNG.example4_TestNgAnnotations" time="0.007" errors="0" timestamp="2023-08-23T08:35:09 IST" skipped="0">
  <testcase classname="TestNG.example4_TestNgAnnotations" name="VerifyFullName" time="0.004"/>
  <system-out>
    <![CDATA[running VerifyFullName Test case]]>
  </system-out>
  <testcase classname="TestNG.example4_TestNgAnnotations" name="VerifyFullName2" time="0.003"/>
  <system-out>
    <![CDATA[running VerifyFullName2 Test case]]>
  </system-out>
</testsuite> <!-- TestNG.example4_TestNgAnnotations -->
