<?xml version="1.0" encoding="UTF-8"?>
<!-- Generated by org.testng.reporters.JUnitReportReporter -->
<testsuite hostname="Sanju" failures="0" tests="3" name="TestNG.example5_Keyword2_enable" time="0.009" errors="0" timestamp="2023-08-23T08:40:19 IST" skipped="1">
  <testcase classname="TestNG.example5_Keyword2_enable" name="TC1" time="0.008"/>
  <system-out>
    <![CDATA[running TC1]]>
  </system-out>
  <testcase classname="TestNG.example5_Keyword2_enable" name="TC3" time="0.001"/>
  <system-out>
    <![CDATA[running TC3]]>
  </system-out>
  <testcase classname="TestNG.example5_Keyword2_enable" name="TC2">
    <skipped/>
  </testcase> <!-- TC2 -->
  <system-out/>
</testsuite> <!-- TestNG.example5_Keyword2_enable -->
